{
  "stats": {
    "suites": 1,
    "tests": 2,
    "passes": 2,
    "pending": 0,
    "failures": 0,
    "start": "2025-01-20T23:34:27.428Z",
    "end": "2025-01-20T23:34:38.592Z",
    "duration": 11164,
    "testsRegistered": 2,
    "passPercent": 100,
    "pendingPercent": 0,
    "other": 0,
    "hasOther": false,
    "skipped": 0,
    "hasSkipped": false
  },
  "results": [
    {
      "uuid": "71e92f73-70e8-40ab-8bdd-0f7f13e42435",
      "title": "",
      "fullFile": "cypress\\e2e\\spec.cy.js",
      "file": "cypress\\e2e\\spec.cy.js",
      "beforeHooks": [],
      "afterHooks": [],
      "tests": [],
      "suites": [
        {
          "uuid": "95494f1e-2c6d-41bb-9a1e-205690a194db",
          "title": "template spec",
          "fullFile": "",
          "file": "",
          "beforeHooks": [],
          "afterHooks": [],
          "tests": [
            {
              "title": "passes",
              "fullTitle": "template spec passes",
              "timedOut": null,
              "duration": 5174,
              "state": "passed",
              "speed": "medium",
              "pass": true,
              "fail": false,
              "pending": false,
              "context": null,
              "code": "cy.visit('https://practicetestautomation.com/practice-test-login/');\ncy.get('input#username').type('student');\ncy.get('input#password').type('Password123');\ncy.get('.btn').click();\ncy.url().should('include', 'practicetestautomation.com/logged-in-successfully');\ncy.get('strong').should('be.visible', 'Congratulations student. You successfully logged in!');\ncy.get('a[href*=\"practice-test-login\"]').click();\ncy.get(4000);",
              "err": {},
              "uuid": "a57b037e-1cb4-479c-82df-084128499cd3",
              "parentUUID": "95494f1e-2c6d-41bb-9a1e-205690a194db",
              "isHook": false,
              "skipped": false
            },
            {
              "title": "verify incorrect username",
              "fullTitle": "template spec verify incorrect username",
              "timedOut": null,
              "duration": 1901,
              "state": "passed",
              "speed": "fast",
              "pass": true,
              "fail": false,
              "pending": false,
              "context": null,
              "code": "cy.visit('https://practicetestautomation.com/practice-test-login/');\ncy.get('input#username').type(' incorrectUser');\ncy.get('input#password').type('Password123');\ncy.get('.btn').click();\ncy.get('div#error').should('be.visible').and('have.text', 'Your username is invalid!');",
              "err": {},
              "uuid": "527dbec4-3fa1-431b-995f-7cb57e866209",
              "parentUUID": "95494f1e-2c6d-41bb-9a1e-205690a194db",
              "isHook": false,
              "skipped": false
            }
          ],
          "suites": [],
          "passes": [
            "a57b037e-1cb4-479c-82df-084128499cd3",
            "527dbec4-3fa1-431b-995f-7cb57e866209"
          ],
          "failures": [],
          "pending": [],
          "skipped": [],
          "duration": 7075,
          "root": false,
          "rootEmpty": false,
          "_timeout": 2000
        }
      ],
      "passes": [],
      "failures": [],
      "pending": [],
      "skipped": [],
      "duration": 0,
      "root": true,
      "rootEmpty": true,
      "_timeout": 2000
    }
  ],
  "meta": {
    "mocha": {
      "version": "7.0.1"
    },
    "mochawesome": {
      "options": {
        "quiet": false,
        "reportFilename": "mochawesome",
        "saveHtml": true,
        "saveJson": true,
        "consoleReporter": "spec",
        "useInlineDiffs": false,
        "code": true
      },
      "version": "7.1.3"
    },
    "marge": {
      "options": {
        "reportDir": "cypress/reports/mochawesome-report",
        "overwrite": false,
        "html": true,
        "json": true,
        "timestamp": "mmddyyyy_HHMMss"
      },
      "version": "6.2.0"
    }
  }
}