{
  "stats": {
    "suites": 1,
    "tests": 2,
    "passes": 2,
    "pending": 0,
    "failures": 0,
    "start": "2025-01-21T03:48:58.905Z",
    "end": "2025-01-21T03:49:13.538Z",
    "duration": 14633,
    "testsRegistered": 2,
    "passPercent": 100,
    "pendingPercent": 0,
    "other": 0,
    "hasOther": false,
    "skipped": 0,
    "hasSkipped": false
  },
  "results": [
    {
      "uuid": "5382fe5a-20cc-47a2-bd86-802b952b6e78",
      "title": "",
      "fullFile": "cypress\\e2e\\spec.cy.js",
      "file": "cypress\\e2e\\spec.cy.js",
      "beforeHooks": [],
      "afterHooks": [],
      "tests": [],
      "suites": [
        {
          "uuid": "a08a8df3-bad4-4203-b982-eee185637e6b",
          "title": "template spec",
          "fullFile": "",
          "file": "",
          "beforeHooks": [],
          "afterHooks": [],
          "tests": [
            {
              "title": "passes",
              "fullTitle": "template spec passes",
              "timedOut": null,
              "duration": 6785,
              "state": "passed",
              "speed": "medium",
              "pass": true,
              "fail": false,
              "pending": false,
              "context": null,
              "code": "cy.visit('https://practicetestautomation.com/practice-test-login/');\ncy.get('input#username').type('student');\ncy.get('input#password').type('Password123');\ncy.get('.btn').click();\ncy.url().should('include', 'practicetestautomation.com/logged-in-successfully');\ncy.get('strong').should('be.visible', 'Congratulations student. You successfully logged in!');\ncy.get('a[href*=\"practice-test-login\"]').click();\ncy.get(4000);",
              "err": {},
              "uuid": "dbff6afd-b2f0-4e48-9a32-91730c208a4e",
              "parentUUID": "a08a8df3-bad4-4203-b982-eee185637e6b",
              "isHook": false,
              "skipped": false
            },
            {
              "title": "verify incorrect username",
              "fullTitle": "template spec verify incorrect username",
              "timedOut": null,
              "duration": 1783,
              "state": "passed",
              "speed": "fast",
              "pass": true,
              "fail": false,
              "pending": false,
              "context": null,
              "code": "cy.visit('https://practicetestautomation.com/practice-test-login/');\ncy.get('input#username').type(' incorrectUser');\ncy.get('input#password').type('Password123');\ncy.get('.btn').click();\ncy.get('div#error').should('be.visible').and('have.text', 'Your username is invalid!');",
              "err": {},
              "uuid": "a3549176-c231-400f-801e-4ed69f7f3bfd",
              "parentUUID": "a08a8df3-bad4-4203-b982-eee185637e6b",
              "isHook": false,
              "skipped": false
            }
          ],
          "suites": [],
          "passes": [
            "dbff6afd-b2f0-4e48-9a32-91730c208a4e",
            "a3549176-c231-400f-801e-4ed69f7f3bfd"
          ],
          "failures": [],
          "pending": [],
          "skipped": [],
          "duration": 8568,
          "root": false,
          "rootEmpty": false,
          "_timeout": 2000
        }
      ],
      "passes": [],
      "failures": [],
      "pending": [],
      "skipped": [],
      "duration": 0,
      "root": true,
      "rootEmpty": true,
      "_timeout": 2000
    }
  ],
  "meta": {
    "mocha": {
      "version": "7.0.1"
    },
    "mochawesome": {
      "options": {
        "quiet": false,
        "reportFilename": "mochawesome",
        "saveHtml": true,
        "saveJson": true,
        "consoleReporter": "spec",
        "useInlineDiffs": false,
        "code": true
      },
      "version": "7.1.3"
    },
    "marge": {
      "options": {
        "reportDir": "cypress/reports/mochawesome-report",
        "overwrite": false,
        "html": true,
        "json": true,
        "timestamp": "mmddyyyy_HHMMss"
      },
      "version": "6.2.0"
    }
  }
}