{
  "stats": {
    "suites": 1,
    "tests": 2,
    "passes": 2,
    "pending": 0,
    "failures": 0,
    "start": "2025-01-21T09:55:15.189Z",
    "end": "2025-01-21T09:55:50.570Z",
    "duration": 35381,
    "testsRegistered": 2,
    "passPercent": 100,
    "pendingPercent": 0,
    "other": 0,
    "hasOther": false,
    "skipped": 0,
    "hasSkipped": false
  },
  "results": [
    {
      "uuid": "d8d171fc-9cdc-4810-9b41-ad9a53e61293",
      "title": "",
      "fullFile": "cypress\\e2e\\spec.cy.js",
      "file": "cypress\\e2e\\spec.cy.js",
      "beforeHooks": [],
      "afterHooks": [],
      "tests": [],
      "suites": [
        {
          "uuid": "1b601257-e356-42fb-adc5-47c90b4b2451",
          "title": "template spec",
          "fullFile": "",
          "file": "",
          "beforeHooks": [],
          "afterHooks": [],
          "tests": [
            {
              "title": "passes",
              "fullTitle": "template spec passes",
              "timedOut": null,
              "duration": 14190,
              "state": "passed",
              "speed": "slow",
              "pass": true,
              "fail": false,
              "pending": false,
              "context": null,
              "code": "cy.visit('https://practicetestautomation.com/practice-test-login/');\ncy.get('input#username').type('student');\ncy.get('input#password').type('Password123');\ncy.get('.btn').click();\ncy.url().should('include', 'practicetestautomation.com/logged-in-successfully');\ncy.get('strong').should('be.visible', 'Congratulations student. You successfully logged in!');\ncy.get('a[href*=\"practice-test-login\"]').click();\ncy.get(4000);",
              "err": {},
              "uuid": "4c3e6ff9-aa5b-4f4b-a44e-01998d8c637e",
              "parentUUID": "1b601257-e356-42fb-adc5-47c90b4b2451",
              "isHook": false,
              "skipped": false
            },
            {
              "title": "verify incorrect username",
              "fullTitle": "template spec verify incorrect username",
              "timedOut": null,
              "duration": 1826,
              "state": "passed",
              "speed": "fast",
              "pass": true,
              "fail": false,
              "pending": false,
              "context": null,
              "code": "cy.visit('https://practicetestautomation.com/practice-test-login/');\ncy.get('input#username').type(' incorrectUser');\ncy.get('input#password').type('Password123');\ncy.get('.btn').click();\ncy.get('div#error').should('be.visible').and('have.text', 'Your username is invalid!');",
              "err": {},
              "uuid": "b78151b8-9e5b-470b-9fbd-ae977bfbe409",
              "parentUUID": "1b601257-e356-42fb-adc5-47c90b4b2451",
              "isHook": false,
              "skipped": false
            }
          ],
          "suites": [],
          "passes": [
            "4c3e6ff9-aa5b-4f4b-a44e-01998d8c637e",
            "b78151b8-9e5b-470b-9fbd-ae977bfbe409"
          ],
          "failures": [],
          "pending": [],
          "skipped": [],
          "duration": 16016,
          "root": false,
          "rootEmpty": false,
          "_timeout": 2000
        }
      ],
      "passes": [],
      "failures": [],
      "pending": [],
      "skipped": [],
      "duration": 0,
      "root": true,
      "rootEmpty": true,
      "_timeout": 2000
    }
  ],
  "meta": {
    "mocha": {
      "version": "7.0.1"
    },
    "mochawesome": {
      "options": {
        "quiet": false,
        "reportFilename": "mochawesome",
        "saveHtml": true,
        "saveJson": true,
        "consoleReporter": "spec",
        "useInlineDiffs": false,
        "code": true
      },
      "version": "7.1.3"
    },
    "marge": {
      "options": {
        "reportDir": "mochawesome-report",
        "overwrite": false,
        "html": true,
        "json": true
      },
      "version": "6.2.0"
    }
  }
}