{
  "stats": {
    "suites": 1,
    "tests": 2,
    "passes": 2,
    "pending": 0,
    "failures": 0,
    "start": "2025-01-21T03:40:24.163Z",
    "end": "2025-01-21T03:40:37.017Z",
    "duration": 12854,
    "testsRegistered": 2,
    "passPercent": 100,
    "pendingPercent": 0,
    "other": 0,
    "hasOther": false,
    "skipped": 0,
    "hasSkipped": false
  },
  "results": [
    {
      "uuid": "e2dadf97-4313-41eb-bf7e-78a0e26256ba",
      "title": "",
      "fullFile": "cypress\\e2e\\spec.cy.js",
      "file": "cypress\\e2e\\spec.cy.js",
      "beforeHooks": [],
      "afterHooks": [],
      "tests": [],
      "suites": [
        {
          "uuid": "20f69e95-d41a-48ea-a44e-42042e1618f0",
          "title": "template spec",
          "fullFile": "",
          "file": "",
          "beforeHooks": [],
          "afterHooks": [],
          "tests": [
            {
              "title": "passes",
              "fullTitle": "template spec passes",
              "timedOut": null,
              "duration": 6640,
              "state": "passed",
              "speed": "medium",
              "pass": true,
              "fail": false,
              "pending": false,
              "context": null,
              "code": "cy.visit('https://practicetestautomation.com/practice-test-login/');\ncy.get('input#username').type('student');\ncy.get('input#password').type('Password123');\ncy.get('.btn').click();\ncy.url().should('include', 'practicetestautomation.com/logged-in-successfully');\ncy.get('strong').should('be.visible', 'Congratulations student. You successfully logged in!');\ncy.get('a[href*=\"practice-test-login\"]').click();\ncy.get(4000);",
              "err": {},
              "uuid": "41be4323-981f-41b0-9d45-618585f16ca9",
              "parentUUID": "20f69e95-d41a-48ea-a44e-42042e1618f0",
              "isHook": false,
              "skipped": false
            },
            {
              "title": "verify incorrect username",
              "fullTitle": "template spec verify incorrect username",
              "timedOut": null,
              "duration": 1850,
              "state": "passed",
              "speed": "fast",
              "pass": true,
              "fail": false,
              "pending": false,
              "context": null,
              "code": "cy.visit('https://practicetestautomation.com/practice-test-login/');\ncy.get('input#username').type(' incorrectUser');\ncy.get('input#password').type('Password123');\ncy.get('.btn').click();\ncy.get('div#error').should('be.visible').and('have.text', 'Your username is invalid!');",
              "err": {},
              "uuid": "d8a62044-730e-4c48-9d00-7fba6041d3e2",
              "parentUUID": "20f69e95-d41a-48ea-a44e-42042e1618f0",
              "isHook": false,
              "skipped": false
            }
          ],
          "suites": [],
          "passes": [
            "41be4323-981f-41b0-9d45-618585f16ca9",
            "d8a62044-730e-4c48-9d00-7fba6041d3e2"
          ],
          "failures": [],
          "pending": [],
          "skipped": [],
          "duration": 8490,
          "root": false,
          "rootEmpty": false,
          "_timeout": 2000
        }
      ],
      "passes": [],
      "failures": [],
      "pending": [],
      "skipped": [],
      "duration": 0,
      "root": true,
      "rootEmpty": true,
      "_timeout": 2000
    }
  ],
  "meta": {
    "mocha": {
      "version": "7.0.1"
    },
    "mochawesome": {
      "options": {
        "quiet": false,
        "reportFilename": "mochawesome",
        "saveHtml": true,
        "saveJson": true,
        "consoleReporter": "spec",
        "useInlineDiffs": false,
        "code": true
      },
      "version": "7.1.3"
    },
    "marge": {
      "options": {
        "reportDir": "mochawesome-report",
        "overwrite": false,
        "html": true,
        "json": true,
        "timestamp": "mmddyyyy_HHMMss"
      },
      "version": "6.2.0"
    }
  }
}