{
  "stats": {
    "suites": 1,
    "tests": 1,
    "passes": 1,
    "pending": 0,
    "failures": 0,
    "start": "2025-01-21T03:40:39.350Z",
    "end": "2025-01-21T03:40:44.533Z",
    "duration": 5183,
    "testsRegistered": 1,
    "passPercent": 100,
    "pendingPercent": 0,
    "other": 0,
    "hasOther": false,
    "skipped": 0,
    "hasSkipped": false
  },
  "results": [
    {
      "uuid": "65975d1f-8bb5-4447-9792-cfd51f8f34af",
      "title": "",
      "fullFile": "cypress\\e2e\\swagLabs.cy.js",
      "file": "cypress\\e2e\\swagLabs.cy.js",
      "beforeHooks": [],
      "afterHooks": [],
      "tests": [],
      "suites": [
        {
          "uuid": "285e9a4a-0037-4048-9915-10ff4d860025",
          "title": "Testing Swag Labs",
          "fullFile": "",
          "file": "",
          "beforeHooks": [],
          "afterHooks": [],
          "tests": [
            {
              "title": "Negative User_Name",
              "fullTitle": "Testing Swag Labs Negative User_Name",
              "timedOut": null,
              "duration": 1991,
              "state": "passed",
              "speed": "fast",
              "pass": true,
              "fail": false,
              "pending": false,
              "context": null,
              "code": "cy.visit('https://www.saucedemo.com/v1/');\ncy.get('#user-name').type('kishore');\ncy.get('input#password').type('secret_sauce');\ncy.get('#login-button').click();\ncy.get('[data-test=\"error\"]').should('have.text', 'Epic sadface: Username and password do not match any user in this service');",
              "err": {},
              "uuid": "db436f67-ae1c-4741-a8c0-a5320c315faa",
              "parentUUID": "285e9a4a-0037-4048-9915-10ff4d860025",
              "isHook": false,
              "skipped": false
            }
          ],
          "suites": [],
          "passes": [
            "db436f67-ae1c-4741-a8c0-a5320c315faa"
          ],
          "failures": [],
          "pending": [],
          "skipped": [],
          "duration": 1991,
          "root": false,
          "rootEmpty": false,
          "_timeout": 2000
        }
      ],
      "passes": [],
      "failures": [],
      "pending": [],
      "skipped": [],
      "duration": 0,
      "root": true,
      "rootEmpty": true,
      "_timeout": 2000
    }
  ],
  "meta": {
    "mocha": {
      "version": "7.0.1"
    },
    "mochawesome": {
      "options": {
        "quiet": false,
        "reportFilename": "mochawesome",
        "saveHtml": true,
        "saveJson": true,
        "consoleReporter": "spec",
        "useInlineDiffs": false,
        "code": true
      },
      "version": "7.1.3"
    },
    "marge": {
      "options": {
        "reportDir": "mochawesome-report",
        "overwrite": false,
        "html": true,
        "json": true,
        "timestamp": "mmddyyyy_HHMMss"
      },
      "version": "6.2.0"
    }
  }
}